<?xml version="1.0" encoding="UTF-8"?>
<testng-results ignored="0" total="2" passed="2" failed="0" skipped="0">
  <reporter-output>
  </reporter-output>
  <suite started-at="2022-03-30T20:58:13 IST" name="Default suite" finished-at="2022-03-30T20:58:37 IST" duration-ms="24127">
    <groups>
    </groups>
    <test started-at="2022-03-30T20:58:13 IST" name="Default test" finished-at="2022-03-30T20:58:37 IST" duration-ms="24127">
      <class name="takescreenshot.TakeScreenshot">
        <test-method is-config="true" signature="test_initialize()[pri:0, instance:takescreenshot.TakeScreenshot@1a18644]" started-at="2022-03-30T20:58:13 IST" name="test_initialize" finished-at="2022-03-30T20:58:17 IST" duration-ms="4302" status="PASS">
          <reporter-output>
          </reporter-output>
        </test-method> <!-- test_initialize -->
        <test-method signature="verifyTitle()[pri:0, instance:takescreenshot.TakeScreenshot@1a18644]" started-at="2022-03-30T20:58:17 IST" name="verifyTitle" finished-at="2022-03-30T20:58:20 IST" duration-ms="3285" status="PASS">
          <reporter-output>
          </reporter-output>
        </test-method> <!-- verifyTitle -->
        <test-method is-config="true" signature="test_exit()[pri:0, instance:takescreenshot.TakeScreenshot@1a18644]" started-at="2022-03-30T20:58:20 IST" name="test_exit" finished-at="2022-03-30T20:58:25 IST" duration-ms="4194" status="PASS">
          <reporter-output>
          </reporter-output>
        </test-method> <!-- test_exit -->
        <test-method is-config="true" signature="test_initialize()[pri:0, instance:takescreenshot.TakeScreenshot@1a18644]" started-at="2022-03-30T20:58:25 IST" name="test_initialize" finished-at="2022-03-30T20:58:28 IST" duration-ms="3203" status="PASS">
          <reporter-output>
          </reporter-output>
        </test-method> <!-- test_initialize -->
        <test-method signature="verifyTitle1()[pri:0, instance:takescreenshot.TakeScreenshot@1a18644]" started-at="2022-03-30T20:58:28 IST" name="verifyTitle1" finished-at="2022-03-30T20:58:33 IST" duration-ms="4914" status="PASS">
          <reporter-output>
          </reporter-output>
        </test-method> <!-- verifyTitle1 -->
        <test-method is-config="true" signature="test_exit()[pri:0, instance:takescreenshot.TakeScreenshot@1a18644]" started-at="2022-03-30T20:58:33 IST" name="test_exit" finished-at="2022-03-30T20:58:37 IST" duration-ms="4188" status="PASS">
          <reporter-output>
          </reporter-output>
        </test-method> <!-- test_exit -->
      </class> <!-- takescreenshot.TakeScreenshot -->
    </test> <!-- Default test -->
  </suite> <!-- Default suite -->
</testng-results>
