<?xml version="1.0" encoding="UTF-8"?>
<testng-results ignored="0" total="2" passed="2" failed="0" skipped="0">
  <reporter-output>
  </reporter-output>
  <suite started-at="2022-04-25T07:39:44 IST" name="Default suite" finished-at="2022-04-25T07:40:39 IST" duration-ms="54355">
    <groups>
    </groups>
    <test started-at="2022-04-25T07:39:44 IST" name="Default test" finished-at="2022-04-25T07:40:39 IST" duration-ms="54355">
      <class name="testngdemo.GoogleSearch2">
        <test-method is-config="true" signature="setup()[pri:0, instance:testngdemo.GoogleSearch2@2b91004a]" started-at="2022-04-25T07:39:44 IST" name="setup" finished-at="2022-04-25T07:40:06 IST" duration-ms="21629" status="PASS">
          <reporter-output>
          </reporter-output>
        </test-method> <!-- setup -->
        <test-method signature="chrome_search()[pri:0, instance:testngdemo.GoogleSearch2@2b91004a]" started-at="2022-04-25T07:40:06 IST" name="chrome_search" finished-at="2022-04-25T07:40:12 IST" duration-ms="5952" status="PASS">
          <reporter-output>
          </reporter-output>
        </test-method> <!-- chrome_search -->
        <test-method is-config="true" signature="exit()[pri:0, instance:testngdemo.GoogleSearch2@2b91004a]" started-at="2022-04-25T07:40:12 IST" name="exit" finished-at="2022-04-25T07:40:16 IST" duration-ms="4211" status="PASS">
          <reporter-output>
          </reporter-output>
        </test-method> <!-- exit -->
        <test-method is-config="true" signature="setup()[pri:0, instance:testngdemo.GoogleSearch2@2b91004a]" started-at="2022-04-25T07:40:16 IST" name="setup" finished-at="2022-04-25T07:40:24 IST" duration-ms="8135" status="PASS">
          <reporter-output>
          </reporter-output>
        </test-method> <!-- setup -->
        <test-method signature="edge_search()[pri:0, instance:testngdemo.GoogleSearch2@2b91004a]" started-at="2022-04-25T07:40:24 IST" name="edge_search" finished-at="2022-04-25T07:40:35 IST" duration-ms="10203" status="PASS">
          <reporter-output>
          </reporter-output>
        </test-method> <!-- edge_search -->
        <test-method is-config="true" signature="exit()[pri:0, instance:testngdemo.GoogleSearch2@2b91004a]" started-at="2022-04-25T07:40:35 IST" name="exit" finished-at="2022-04-25T07:40:39 IST" duration-ms="4176" status="PASS">
          <reporter-output>
          </reporter-output>
        </test-method> <!-- exit -->
      </class> <!-- testngdemo.GoogleSearch2 -->
    </test> <!-- Default test -->
  </suite> <!-- Default suite -->
</testng-results>
