<?xml version="1.0" encoding="UTF-8"?>
<!-- Generated by org.testng.reporters.JUnitXMLReporter -->
<testsuite ignored="8" hostname="LAPTOP-C05A25AI" failures="0" tests="7" name="RegressionTest" time="0.058" errors="0" timestamp="2021-12-12T07:54:23 IST">
  <testcase classname="Selenium_Project.FirstProject.BaseClassTest" name="baseTest" time="0.003"/>
  <testcase classname="Selenium_Project.FirstProject.ATest" name="method1" time="0.001"/>
  <testcase classname="Selenium_Project.FirstProject.ATest" name="method2" time="0.001"/>
  <testcase classname="Selenium_Project.FirstProject.BaseClassTest" name="baseTest" time="0.001"/>
  <testcase classname="Selenium_Project.FirstProject.BTest" name="method1" time="0.001"/>
  <testcase classname="Selenium_Project.FirstProject.BTest" name="method2" time="0.001"/>
  <testcase classname="Selenium_Project.FirstProject.BaseClassTest" name="baseTest" time="0.002"/>
  <testcase classname="Selenium_Project.FirstProject.BaseClassTest" name="@BeforeSuite beforeSuite" time="0.0">
    <ignored/>
  </testcase> <!-- @BeforeSuite beforeSuite -->
  <testcase classname="Selenium_Project.FirstProject.BaseClassTest" name="@BeforeSuite beforeSuite" time="0.0">
    <ignored/>
  </testcase> <!-- @BeforeSuite beforeSuite -->
  <testcase classname="Selenium_Project.FirstProject.BaseClassTest" name="@AfterTest afterTest" time="0.0">
    <ignored/>
  </testcase> <!-- @AfterTest afterTest -->
  <testcase classname="Selenium_Project.FirstProject.BaseClassTest" name="@AfterTest afterTest" time="0.0">
    <ignored/>
  </testcase> <!-- @AfterTest afterTest -->
  <testcase classname="Selenium_Project.FirstProject.BaseClassTest" name="@AfterSuite afterSuite" time="0.0">
    <ignored/>
  </testcase> <!-- @AfterSuite afterSuite -->
  <testcase classname="Selenium_Project.FirstProject.BaseClassTest" name="@AfterSuite afterSuite" time="0.0">
    <ignored/>
  </testcase> <!-- @AfterSuite afterSuite -->
  <testcase classname="Selenium_Project.FirstProject.BaseClassTest" name="@BeforeTest beforeTest" time="0.0">
    <ignored/>
  </testcase> <!-- @BeforeTest beforeTest -->
  <testcase classname="Selenium_Project.FirstProject.BaseClassTest" name="@BeforeTest beforeTest" time="0.0">
    <ignored/>
  </testcase> <!-- @BeforeTest beforeTest -->
</testsuite> <!-- RegressionTest -->
