<?xml version="1.0" encoding="UTF-8"?>
<!-- Generated by org.testng.reporters.JUnitXMLReporter -->
<testsuite ignored="9" hostname="LAPTOP-C05A25AI" failures="0" tests="14" name="Test" time="29.019" errors="0" timestamp="2021-12-15T08:10:17 IST">
  <testcase classname="Selenium_Project.FirstProject.BaseClassTest" name="baseTest" time="0.004"/>
  <testcase classname="Selenium_Project.FirstProject.TestAssert.ScreenshotInSelenium" name="takeScreenshot" time="3.481"/>
  <testcase classname="Selenium_Project.FirstProject.TestAssert.ScreenshotInSelenium" name="takeScreenshot" time="2.558"/>
  <testcase classname="test.TestPages" name="initial" time="8.201"/>
  <testcase classname="test.TestPages" name="testLogin" time="6.66"/>
  <testcase classname="Selenium_Project.FirstProject.ATest" name="method1" time="0.0"/>
  <testcase classname="Selenium_Project.FirstProject.ATest" name="method2" time="0.0"/>
  <testcase classname="Selenium_Project.FirstProject.BaseClassTest" name="baseTest" time="0.001"/>
  <testcase classname="Selenium_Project.FirstProject.TestAssert.AssertsInSelenium" name="checkingTitleofWebPage" time="7.934"/>
  <testcase classname="Selenium_Project.FirstProject.TestAssert.AssertsInSelenium" name="verifyUserCansendMail" time="0.0"/>
  <testcase classname="Selenium_Project.FirstProject.TestAssert.AssertsInSelenium" name="verifyUserCansendMail" time="0.0"/>
  <testcase classname="Selenium_Project.FirstProject.BTest" name="method1" time="0.0"/>
  <testcase classname="Selenium_Project.FirstProject.BTest" name="method2" time="0.003"/>
  <testcase classname="Selenium_Project.FirstProject.BaseClassTest" name="baseTest" time="0.0"/>
  <testcase classname="Selenium_Project.FirstProject.TestAssert.AssertsInSelenium" name="verifyUserCanLogin" time="0.0">
    <ignored/>
  </testcase> <!-- verifyUserCanLogin -->
  <testcase classname="Selenium_Project.FirstProject.BaseClassTest" name="@BeforeSuite beforeSuite" time="0.0">
    <ignored/>
  </testcase> <!-- @BeforeSuite beforeSuite -->
  <testcase classname="Selenium_Project.FirstProject.BaseClassTest" name="@BeforeSuite beforeSuite" time="0.0">
    <ignored/>
  </testcase> <!-- @BeforeSuite beforeSuite -->
  <testcase classname="Selenium_Project.FirstProject.BaseClassTest" name="@AfterTest afterTest" time="0.0">
    <ignored/>
  </testcase> <!-- @AfterTest afterTest -->
  <testcase classname="Selenium_Project.FirstProject.BaseClassTest" name="@AfterTest afterTest" time="0.0">
    <ignored/>
  </testcase> <!-- @AfterTest afterTest -->
  <testcase classname="Selenium_Project.FirstProject.BaseClassTest" name="@AfterSuite afterSuite" time="0.0">
    <ignored/>
  </testcase> <!-- @AfterSuite afterSuite -->
  <testcase classname="Selenium_Project.FirstProject.BaseClassTest" name="@AfterSuite afterSuite" time="0.0">
    <ignored/>
  </testcase> <!-- @AfterSuite afterSuite -->
  <testcase classname="Selenium_Project.FirstProject.BaseClassTest" name="@BeforeTest beforeTest" time="0.0">
    <ignored/>
  </testcase> <!-- @BeforeTest beforeTest -->
  <testcase classname="Selenium_Project.FirstProject.BaseClassTest" name="@BeforeTest beforeTest" time="0.0">
    <ignored/>
  </testcase> <!-- @BeforeTest beforeTest -->
</testsuite> <!-- Test -->
