<?xml version="1.0" encoding="UTF-8"?>
<!-- Generated by org.testng.reporters.JUnitXMLReporter -->
<testsuite ignored="0" hostname="LAPTOP-C05A25AI" failures="0" tests="4" name="RegressionTest" time="0.071" errors="0" timestamp="2022-09-06T21:02:22 IST">
  <testcase classname="testdemo.AnnotationLifeCycle" name="test" time="0.012"/>
  <testcase classname="testdemo.AnnotationLifeCycle2" name="test" time="0.009"/>
  <testcase classname="testdemo.AnnotationLifeCycle2" name="test1" time="0.003"/>
  <testcase classname="testdemo.AnnotationLifeCycle" name="test1" time="0.001"/>
</testsuite> <!-- RegressionTest -->
