<?xml version="1.0" encoding="UTF-8"?>
<!-- Generated by org.testng.reporters.JUnitXMLReporter -->
<testsuite ignored="0" hostname="LAPTOP-C05A25AI" failures="0" tests="12" name="Test" time="0.063" errors="0" timestamp="2022-09-06T20:16:25 IST">
  <testcase classname="testforxml.A" name="test_close" time="0.012"/>
  <testcase classname="testforxml.B" name="test_close" time="0.012"/>
  <testcase classname="testforxml.A" name="test_setup" time="0.002"/>
  <testcase classname="testforxml.B" name="test_setup" time="0.001"/>
  <testcase classname="testforxml.A" name="test_setup" time="0.001"/>
  <testcase classname="testforxml.B" name="test_setup" time="0.001"/>
  <testcase classname="testforxml.A" name="test_setup" time="0.002"/>
  <testcase classname="testforxml.B" name="test_setup" time="0.001"/>
  <testcase classname="testforxml.A" name="test_setup" time="0.001"/>
  <testcase classname="testforxml.B" name="test_setup" time="0.001"/>
  <testcase classname="testforxml.A" name="test_setup" time="0.001"/>
  <testcase classname="testforxml.B" name="test_setup" time="0.002"/>
</testsuite> <!-- Test -->
