<?xml version="1.0" encoding="UTF-8"?>
<!-- Generated by org.testng.reporters.JUnitXMLReporter -->
<testsuite ignored="0" hostname="LAPTOP-C05A25AI" failures="0" tests="4" name="RegressionTest" time="0.068" errors="0" timestamp="2021-12-12T07:37:20 IST">
  <testcase classname="Selenium_Project.FirstProject.ATest" name="method1" time="0.006"/>
  <testcase classname="Selenium_Project.FirstProject.ATest" name="method2" time="0.003"/>
  <testcase classname="Selenium_Project.FirstProject.BTest" name="method1" time="0.0"/>
  <testcase classname="Selenium_Project.FirstProject.BTest" name="method2" time="0.0"/>
</testsuite> <!-- RegressionTest -->
